2024-02-26 15:57:11,665:INFO: Loading the datasets...
2024-02-26 15:57:11,701:INFO: - done.
2024-02-26 15:57:11,709:INFO: Starting training for 10 epoch(s)
2024-02-26 15:57:11,709:INFO: Epoch 1/10
2024-02-26 15:57:31,043:INFO: - Train metrics: accuracy: 0.078 ; F1-score: 0.078 ; loss: 2.824
2024-02-26 15:57:37,946:INFO: - Eval metrics : accuracy: 0.193 ; F1-score: 0.193 ; loss: 2.385
2024-02-26 15:57:37,988:INFO: - Found new best accuracy
2024-02-26 15:57:37,989:INFO: Epoch 2/10
2024-02-26 15:57:58,560:INFO: - Train metrics: accuracy: 0.125 ; F1-score: 0.125 ; loss: 2.530
2024-02-26 15:58:05,978:INFO: - Eval metrics : accuracy: 0.252 ; F1-score: 0.252 ; loss: 2.280
2024-02-26 15:58:06,027:INFO: - Found new best accuracy
2024-02-26 15:58:06,028:INFO: Epoch 3/10
2024-02-26 15:58:26,077:INFO: - Train metrics: accuracy: 0.266 ; F1-score: 0.266 ; loss: 2.247
2024-02-26 15:58:33,237:INFO: - Eval metrics : accuracy: 0.318 ; F1-score: 0.318 ; loss: 2.182
2024-02-26 15:58:33,287:INFO: - Found new best accuracy
2024-02-26 15:58:33,288:INFO: Epoch 4/10
2024-02-26 15:58:53,447:INFO: - Train metrics: accuracy: 0.188 ; F1-score: 0.188 ; loss: 2.366
2024-02-26 15:59:00,568:INFO: - Eval metrics : accuracy: 0.381 ; F1-score: 0.381 ; loss: 2.093
2024-02-26 15:59:00,609:INFO: - Found new best accuracy
2024-02-26 15:59:00,610:INFO: Epoch 5/10
2024-02-26 15:59:18,560:INFO: - Train metrics: accuracy: 0.234 ; F1-score: 0.234 ; loss: 2.159
2024-02-26 15:59:25,840:INFO: - Eval metrics : accuracy: 0.414 ; F1-score: 0.414 ; loss: 2.002
2024-02-26 15:59:25,884:INFO: - Found new best accuracy
2024-02-26 15:59:25,885:INFO: Epoch 6/10
2024-02-26 15:59:45,307:INFO: - Train metrics: accuracy: 0.266 ; F1-score: 0.266 ; loss: 2.221
2024-02-26 15:59:52,061:INFO: - Eval metrics : accuracy: 0.463 ; F1-score: 0.463 ; loss: 1.915
2024-02-26 15:59:52,110:INFO: - Found new best accuracy
2024-02-26 15:59:52,110:INFO: Epoch 7/10
2024-02-26 16:00:12,173:INFO: - Train metrics: accuracy: 0.312 ; F1-score: 0.312 ; loss: 1.973
2024-02-26 16:00:19,580:INFO: - Eval metrics : accuracy: 0.496 ; F1-score: 0.496 ; loss: 1.856
2024-02-26 16:00:19,705:INFO: - Found new best accuracy
2024-02-26 16:00:19,705:INFO: Epoch 8/10
2024-02-26 16:00:40,734:INFO: - Train metrics: accuracy: 0.312 ; F1-score: 0.312 ; loss: 2.027
2024-02-26 16:00:48,191:INFO: - Eval metrics : accuracy: 0.529 ; F1-score: 0.529 ; loss: 1.781
2024-02-26 16:00:48,239:INFO: - Found new best accuracy
2024-02-26 16:00:48,240:INFO: Epoch 9/10
2024-02-26 16:01:06,453:INFO: - Train metrics: accuracy: 0.469 ; F1-score: 0.469 ; loss: 1.874
2024-02-26 16:01:13,562:INFO: - Eval metrics : accuracy: 0.534 ; F1-score: 0.534 ; loss: 1.726
2024-02-26 16:01:13,620:INFO: - Found new best accuracy
2024-02-26 16:01:13,621:INFO: Epoch 10/10
2024-02-26 16:01:31,511:INFO: - Train metrics: accuracy: 0.438 ; F1-score: 0.438 ; loss: 1.960
2024-02-26 16:01:38,272:INFO: - Eval metrics : accuracy: 0.555 ; F1-score: 0.555 ; loss: 1.685
2024-02-26 16:01:38,319:INFO: - Found new best accuracy
