2024-02-26 16:01:39,861:INFO: Loading the datasets...
2024-02-26 16:01:39,894:INFO: - done.
2024-02-26 16:01:39,898:INFO: Starting training for 10 epoch(s)
2024-02-26 16:01:39,898:INFO: Epoch 1/10
2024-02-26 16:01:58,507:INFO: - Train metrics: accuracy: 0.250 ; F1-score: 0.250 ; loss: 2.430
2024-02-26 16:02:05,426:INFO: - Eval metrics : accuracy: 0.490 ; F1-score: 0.490 ; loss: 1.803
2024-02-26 16:02:05,472:INFO: - Found new best accuracy
2024-02-26 16:02:05,472:INFO: Epoch 2/10
2024-02-26 16:02:23,634:INFO: - Train metrics: accuracy: 0.359 ; F1-score: 0.359 ; loss: 1.682
2024-02-26 16:02:30,397:INFO: - Eval metrics : accuracy: 0.599 ; F1-score: 0.599 ; loss: 1.473
2024-02-26 16:02:30,441:INFO: - Found new best accuracy
2024-02-26 16:02:30,445:INFO: Epoch 3/10
2024-02-26 16:02:49,533:INFO: - Train metrics: accuracy: 0.609 ; F1-score: 0.609 ; loss: 1.337
2024-02-26 16:02:57,105:INFO: - Eval metrics : accuracy: 0.627 ; F1-score: 0.627 ; loss: 1.329
2024-02-26 16:02:57,158:INFO: - Found new best accuracy
2024-02-26 16:02:57,158:INFO: Epoch 4/10
2024-02-26 16:03:15,739:INFO: - Train metrics: accuracy: 0.656 ; F1-score: 0.656 ; loss: 1.248
2024-02-26 16:03:22,509:INFO: - Eval metrics : accuracy: 0.667 ; F1-score: 0.667 ; loss: 1.232
2024-02-26 16:03:22,549:INFO: - Found new best accuracy
2024-02-26 16:03:22,553:INFO: Epoch 5/10
2024-02-26 16:03:40,510:INFO: - Train metrics: accuracy: 0.734 ; F1-score: 0.734 ; loss: 1.104
2024-02-26 16:03:47,380:INFO: - Eval metrics : accuracy: 0.701 ; F1-score: 0.701 ; loss: 1.137
2024-02-26 16:03:47,429:INFO: - Found new best accuracy
2024-02-26 16:03:47,429:INFO: Epoch 6/10
2024-02-26 16:04:05,650:INFO: - Train metrics: accuracy: 0.656 ; F1-score: 0.656 ; loss: 1.244
2024-02-26 16:04:12,445:INFO: - Eval metrics : accuracy: 0.727 ; F1-score: 0.727 ; loss: 1.063
2024-02-26 16:04:12,487:INFO: - Found new best accuracy
2024-02-26 16:04:12,487:INFO: Epoch 7/10
2024-02-26 16:04:30,796:INFO: - Train metrics: accuracy: 0.625 ; F1-score: 0.625 ; loss: 1.328
2024-02-26 16:04:37,514:INFO: - Eval metrics : accuracy: 0.742 ; F1-score: 0.742 ; loss: 1.013
2024-02-26 16:04:37,593:INFO: - Found new best accuracy
2024-02-26 16:04:37,593:INFO: Epoch 8/10
2024-02-26 16:04:56,649:INFO: - Train metrics: accuracy: 0.703 ; F1-score: 0.703 ; loss: 1.143
2024-02-26 16:05:03,466:INFO: - Eval metrics : accuracy: 0.744 ; F1-score: 0.744 ; loss: 0.957
2024-02-26 16:05:03,505:INFO: - Found new best accuracy
2024-02-26 16:05:03,505:INFO: Epoch 9/10
2024-02-26 16:05:22,036:INFO: - Train metrics: accuracy: 0.766 ; F1-score: 0.766 ; loss: 1.019
2024-02-26 16:05:28,829:INFO: - Eval metrics : accuracy: 0.748 ; F1-score: 0.748 ; loss: 0.908
2024-02-26 16:05:28,875:INFO: - Found new best accuracy
2024-02-26 16:05:28,876:INFO: Epoch 10/10
2024-02-26 16:05:47,724:INFO: - Train metrics: accuracy: 0.656 ; F1-score: 0.656 ; loss: 1.085
2024-02-26 16:05:54,574:INFO: - Eval metrics : accuracy: 0.786 ; F1-score: 0.786 ; loss: 0.863
2024-02-26 16:05:54,618:INFO: - Found new best accuracy
