2024-02-26 16:05:56,181:INFO: Loading the datasets...
2024-02-26 16:05:56,211:INFO: - done.
2024-02-26 16:05:56,221:INFO: Starting training for 10 epoch(s)
2024-02-26 16:05:56,221:INFO: Epoch 1/10
2024-02-26 16:06:15,695:INFO: - Train metrics: accuracy: 0.234 ; F1-score: 0.234 ; loss: 2.244
2024-02-26 16:06:23,018:INFO: - Eval metrics : accuracy: 0.593 ; F1-score: 0.593 ; loss: 1.327
2024-02-26 16:06:23,058:INFO: - Found new best accuracy
2024-02-26 16:06:23,062:INFO: Epoch 2/10
2024-02-26 16:06:42,860:INFO: - Train metrics: accuracy: 0.594 ; F1-score: 0.594 ; loss: 1.399
2024-02-26 16:06:49,741:INFO: - Eval metrics : accuracy: 0.687 ; F1-score: 0.687 ; loss: 1.042
2024-02-26 16:06:49,789:INFO: - Found new best accuracy
2024-02-26 16:06:49,789:INFO: Epoch 3/10
2024-02-26 16:07:09,882:INFO: - Train metrics: accuracy: 0.688 ; F1-score: 0.688 ; loss: 0.979
2024-02-26 16:07:16,975:INFO: - Eval metrics : accuracy: 0.707 ; F1-score: 0.707 ; loss: 0.872
2024-02-26 16:07:17,019:INFO: - Found new best accuracy
2024-02-26 16:07:17,019:INFO: Epoch 4/10
2024-02-26 16:07:35,170:INFO: - Train metrics: accuracy: 0.750 ; F1-score: 0.750 ; loss: 1.042
2024-02-26 16:07:42,110:INFO: - Eval metrics : accuracy: 0.638 ; F1-score: 0.638 ; loss: 1.061
2024-02-26 16:07:42,130:INFO: Epoch 5/10
2024-02-26 16:08:00,107:INFO: - Train metrics: accuracy: 0.734 ; F1-score: 0.734 ; loss: 0.871
2024-02-26 16:08:06,858:INFO: - Eval metrics : accuracy: 0.773 ; F1-score: 0.773 ; loss: 0.714
2024-02-26 16:08:06,901:INFO: - Found new best accuracy
2024-02-26 16:08:06,901:INFO: Epoch 6/10
2024-02-26 16:08:25,057:INFO: - Train metrics: accuracy: 0.719 ; F1-score: 0.719 ; loss: 0.974
2024-02-26 16:08:31,792:INFO: - Eval metrics : accuracy: 0.821 ; F1-score: 0.821 ; loss: 0.587
2024-02-26 16:08:31,834:INFO: - Found new best accuracy
2024-02-26 16:08:31,838:INFO: Epoch 7/10
2024-02-26 16:08:49,839:INFO: - Train metrics: accuracy: 0.766 ; F1-score: 0.766 ; loss: 0.949
2024-02-26 16:08:56,539:INFO: - Eval metrics : accuracy: 0.754 ; F1-score: 0.754 ; loss: 0.737
2024-02-26 16:08:56,588:INFO: Epoch 8/10
2024-02-26 16:09:14,538:INFO: - Train metrics: accuracy: 0.812 ; F1-score: 0.812 ; loss: 0.709
2024-02-26 16:09:21,308:INFO: - Eval metrics : accuracy: 0.834 ; F1-score: 0.834 ; loss: 0.498
2024-02-26 16:09:21,352:INFO: - Found new best accuracy
2024-02-26 16:09:21,353:INFO: Epoch 9/10
2024-02-26 16:09:39,262:INFO: - Train metrics: accuracy: 0.828 ; F1-score: 0.828 ; loss: 0.563
2024-02-26 16:09:46,554:INFO: - Eval metrics : accuracy: 0.665 ; F1-score: 0.665 ; loss: 1.011
2024-02-26 16:09:46,575:INFO: Epoch 10/10
2024-02-26 16:10:05,042:INFO: - Train metrics: accuracy: 0.812 ; F1-score: 0.812 ; loss: 0.692
2024-02-26 16:10:11,932:INFO: - Eval metrics : accuracy: 0.826 ; F1-score: 0.826 ; loss: 0.498
